\BOOKMARK [0][-]{chapter*.1}{\376\377\000L\036\334\000I\000\040\000C\000A\000M\000\040\001\020\000O\000A\000N}{}% 1
\BOOKMARK [0][-]{chapter*.2}{\376\377\000L\036\334\000I\000\040\000C\036\242\000M\000\040\001\240\000N}{}% 2
\BOOKMARK [0][-]{chapter*.3}{\376\377\000T\000\323\000M\000\040\000T\036\256\000T}{}% 3
\BOOKMARK [0][-]{chapter*.4}{\376\377\000A\000B\000S\000T\000R\000A\000C\000T}{}% 4
\BOOKMARK [0][-]{chapter*.8}{\376\377\000D\000A\000N\000H\000\040\000M\036\344\000C\000\040\000T\036\352\000\040\000V\000I\036\276\000T\000\040\000T\036\256\000T}{}% 5
\BOOKMARK [0][-]{chapter.1}{\376\377\000G\000I\036\332\000I\000\040\000T\000H\000I\036\306\000U}{}% 6
\BOOKMARK [1][-]{section.1.1}{\376\377\001\020\036\267\000t\000\040\000v\036\245\000n\000\040\001\021\036\301}{chapter.1}% 7
\BOOKMARK [1][-]{section.1.2}{\376\377\000M\036\345\000c\000\040\000t\000i\000\352\000u\000\040\001\021\036\301\000\040\000t\000\340\000i}{chapter.1}% 8
\BOOKMARK [1][-]{section.1.3}{\376\377\000\335\000\040\000n\000g\000h\001\051\000a\000\040\000t\000h\036\361\000c\000\040\000t\000i\036\305\000n\000\040\000c\036\347\000a\000\040\001\021\036\301\000\040\000t\000\340\000i}{chapter.1}% 9
\BOOKMARK [1][-]{section.1.4}{\376\377\001\020\036\321\000i\000\040\000t\001\260\036\343\000n\000g\000\040\000n\000g\000h\000i\000\352\000n\000\040\000c\036\351\000u}{chapter.1}% 10
\BOOKMARK [1][-]{section.1.5}{\376\377\000P\000h\036\241\000m\000\040\000v\000i\000\040\000t\000h\036\361\000c\000\040\000h\000i\036\307\000n}{chapter.1}% 11
\BOOKMARK [1][-]{section.1.6}{\376\377\000P\000h\001\260\001\241\000n\000g\000\040\000p\000h\000\341\000p\000\040\000n\000g\000h\000i\000\352\000n\000\040\000c\036\351\000u}{chapter.1}% 12
\BOOKMARK [1][-]{section.1.7}{\376\377\001\020\000\363\000n\000g\000\040\000g\000\363\000p\000\040\000c\036\347\000a\000\040\001\021\036\301\000\040\000t\000\340\000i}{chapter.1}% 13
\BOOKMARK [1][-]{section.1.8}{\376\377\000C\036\245\000u\000\040\000t\000r\000\372\000c\000\040\000b\000\341\000o\000\040\000c\000\341\000o}{chapter.1}% 14
\BOOKMARK [0][-]{chapter.2}{\376\377\000C\001\240\000\040\000S\036\336\000\040\000L\000\335\000\040\000T\000H\000U\000Y\036\276\000T\000\040\000V\000\300\000\040\000C\000\324\000N\000G\000\040\000N\000G\000H\036\306\000\040\000L\000I\000\312\000N\000\040\000Q\000U\000A\000N}{}% 15
\BOOKMARK [1][-]{section.2.1}{\376\377\000B\000\340\000i\000\040\000t\000o\000\341\000n\000\040\000n\000h\036\255\000n\000\040\000d\000i\036\307\000n\000\040\000t\000h\000\364\000n\000g\000\040\000t\000i\000n\000\040\000t\036\353\000\040\001\021\001\241\000n\000\040\000t\000h\000u\036\321\000c}{chapter.2}% 16
\BOOKMARK [1][-]{section.2.2}{\376\377\000P\000h\000\341\000t\000\040\000h\000i\036\307\000n\000\040\001\021\036\321\000i\000\040\000t\001\260\036\343\000n\000g\000\040\000v\000\340\000\040\000c\036\257\000t\000\040\000v\000\371\000n\000g\000\040\001\021\001\241\000n\000\040\000t\000h\000u\036\321\000c}{chapter.2}% 17
\BOOKMARK [1][-]{section.2.3}{\376\377\000N\000h\036\255\000n\000\040\000d\036\241\000n\000g\000\040\000k\000\375\000\040\000t\036\361\000\040\000q\000u\000a\000n\000g\000\040\000h\036\315\000c\000\040\000v\000\340\000\040\000t\000i\036\301\000n\000\040\000x\036\355\000\040\000l\000\375\000\040\036\243\000n\000h}{chapter.2}% 18
\BOOKMARK [1][-]{section.2.4}{\376\377\000N\000h\036\255\000n\000\040\000d\036\241\000n\000g\000\040\000t\000h\036\361\000c\000\040\000t\000h\036\303\000\040\000t\000\352\000n\000\040\000t\000h\000u\036\321\000c}{chapter.2}% 19
\BOOKMARK [1][-]{section.2.5}{\376\377\000C\000h\000u\036\251\000n\000\040\000h\000\363\000a\000\040\000v\000\340\000\040\001\021\036\321\000i\000\040\000s\000\341\000n\000h\000\040\000t\000\352\000n\000\040\000t\000h\000u\036\321\000c}{chapter.2}% 20
\BOOKMARK [1][-]{section.2.6}{\376\377\000P\000h\000\341\000t\000\040\000t\000r\000i\036\303\000n\000\040\036\351\000n\000g\000\040\000d\036\345\000n\000g\000\040\000d\000i\000\040\001\021\036\331\000n\000g\000\040\000v\000\340\000\040\000m\000\341\000y\000\040\000c\000h\036\347}{chapter.2}% 21
\BOOKMARK [1][-]{section.2.7}{\376\377\000N\000h\036\257\000c\000\040\000u\036\321\000n\000g\000\040\000t\000h\000u\036\321\000c\000\040\000v\000\340\000\040\000q\000u\036\243\000n\000\040\000l\000\375\000\040\000k\036\277\000\040\000h\000o\036\241\000c\000h\000\040\000d\000\371\000n\000g\000\040\000t\000h\000u\036\321\000c}{chapter.2}% 22
\BOOKMARK [1][-]{section.2.8}{\376\377\000M\036\331\000t\000\040\000s\036\321\000\040\000c\000\364\000n\000g\000\040\000n\000g\000h\036\307\000\040\000c\000h\000\355\000n\000h\000\040\000t\000r\000o\000n\000g\000\040\000h\036\307\000\040\000t\000h\036\321\000n\000g}{chapter.2}% 23
\BOOKMARK [0][-]{chapter.3}{\376\377\000P\000H\000\302\000N\000\040\000T\000\315\000C\000H\000\040\000V\000\300\000\040\000T\000H\000I\036\276\000T\000\040\000K\036\276\000\040\000H\036\306\000\040\000T\000H\036\320\000N\000G}{}% 24
\BOOKMARK [1][-]{section.3.1}{\376\377\000Y\000\352\000u\000\040\000c\036\247\000u\000\040\000c\000h\036\351\000c\000\040\000n\001\003\000n\000g}{chapter.3}% 25
\BOOKMARK [1][-]{section.3.2}{\376\377\000Y\000\352\000u\000\040\000c\036\247\000u\000\040\000p\000h\000i\000\040\000c\000h\036\351\000c\000\040\000n\001\003\000n\000g}{chapter.3}% 26
\BOOKMARK [1][-]{section.3.3}{\376\377\000K\000i\036\277\000n\000\040\000t\000r\000\372\000c\000\040\000t\036\325\000n\000g\000\040\000t\000h\036\303}{chapter.3}% 27
\BOOKMARK [1][-]{section.3.4}{\376\377\000T\000h\000i\036\277\000t\000\040\000k\036\277\000\040\000l\000u\036\323\000n\000g\000\040\000q\000u\000\351\000t\000\040\001\021\001\241\000n\000\040\000t\000h\000u\036\321\000c}{chapter.3}% 28
\BOOKMARK [1][-]{section.3.5}{\376\377\000T\000h\000i\036\277\000t\000\040\000k\036\277\000\040\000q\000u\000y\000\040\000t\000r\000\354\000n\000h\000\040\000x\036\355\000\040\000l\000\375\000\040\000n\000h\036\255\000n\000\040\000d\000i\036\307\000n\000\040\001\021\001\241\000n\000\040\000t\000h\000u\036\321\000c}{chapter.3}% 29
\BOOKMARK [1][-]{section.3.6}{\376\377\000T\000h\000i\036\277\000t\000\040\000k\036\277\000\040\000d\036\357\000\040\000l\000i\036\307\000u\000\040\000k\036\277\000\040\000h\000o\036\241\000c\000h\000\040\000d\000\371\000n\000g\000\040\000t\000h\000u\036\321\000c}{chapter.3}% 30
\BOOKMARK [1][-]{section.3.7}{\376\377\000T\000h\000i\036\277\000t\000\040\000k\036\277\000\040\000n\000h\036\255\000t\000\040\000k\000\375\000\040\000d\000\371\000n\000g\000\040\000t\000h\000u\036\321\000c\000\040\000v\000\340\000\040\000t\000h\000e\000o\000\040\000d\000\365\000i\000\040\000t\000r\000o\000n\000g\000\040\000n\000g\000\340\000y}{chapter.3}% 31
\BOOKMARK [1][-]{section.3.8}{\376\377\000C\000\341\000c\000\040\000q\000u\000y\036\277\000t\000\040\001\021\036\313\000n\000h\000\040\000t\000h\000i\036\277\000t\000\040\000k\036\277\000\040\000q\000u\000a\000n\000\040\000t\000r\036\315\000n\000g}{chapter.3}% 32
\BOOKMARK [2][-]{subsection.3.8.1}{\376\377\001\257\000u\000\040\000t\000i\000\352\000n\000\040\000l\000u\036\323\000n\000g\000\040\000c\000h\000\355\000n\000h\000\040\000t\000h\000a\000y\000\040\000v\000\354\000\040\000m\036\337\000\040\000r\036\331\000n\000g\000\040\000q\000u\000\341\000\040\000s\036\333\000m}{section.3.8}% 33
\BOOKMARK [2][-]{subsection.3.8.2}{\376\377\000K\000h\000\364\000n\000g\000\040\001\021\036\303\000\040\001\021\036\321\000i\000\040\000s\000\341\000n\000h\000\040\000t\000\352\000n\000\040\000t\000h\000u\036\321\000c\000\040\000g\000h\000i\000\040\001\021\000\350\000\040\000h\000o\000\340\000n\000\040\000t\000o\000\340\000n\000\040\000v\001\003\000n\000\040\000b\036\243\000n\000\040\000n\000h\036\255\000n\000\040\000d\036\241\000n\000g}{section.3.8}% 34
\BOOKMARK [2][-]{subsection.3.8.3}{\376\377\000K\000h\000\364\000n\000g\000\040\000t\000\355\000c\000h\000\040\000h\036\343\000p\000\040\000n\000g\000a\000y\000\040\000c\000h\036\351\000c\000\040\000n\001\003\000n\000g\000\040\000x\000\341\000c\000\040\000m\000i\000n\000h\000\040\000v\000i\000\352\000n\000\040\000t\000h\000u\036\321\000c\000\040\000q\000u\000a\000\040\000h\000\354\000n\000h\000\040\036\243\000n\000h}{section.3.8}% 35
\BOOKMARK [0][-]{chapter.4}{\376\377\000C\000\300\000I\000\040\001\020\036\266\000T\000\040\000H\036\306\000\040\000T\000H\036\320\000N\000G}{}% 36
\BOOKMARK [1][-]{section.4.1}{\376\377\000M\000\364\000i\000\040\000t\000r\001\260\036\335\000n\000g\000\040\000p\000h\000\341\000t\000\040\000t\000r\000i\036\303\000n}{chapter.4}% 37
\BOOKMARK [1][-]{section.4.2}{\376\377\000C\000\340\000i\000\040\001\021\036\267\000t\000\040\000m\000\364\000-\001\021\000u\000n\000\040\000q\000u\000\351\000t\000\040\001\021\001\241\000n\000\040\000t\000h\000u\036\321\000c}{chapter.4}% 38
\BOOKMARK [1][-]{section.4.3}{\376\377\000C\000\340\000i\000\040\001\021\036\267\000t\000\040\000m\000\341\000y\000\040\000c\000h\036\347\000\040\000c\000h\000\355\000n\000h}{chapter.4}% 39
\BOOKMARK [1][-]{section.4.4}{\376\377\000C\000\340\000i\000\040\001\021\036\267\000t\000\040\036\351\000n\000g\000\040\000d\036\345\000n\000g\000\040\000d\000i\000\040\001\021\036\331\000n\000g}{chapter.4}% 40
\BOOKMARK [1][-]{section.4.5}{\376\377\000C\000\340\000i\000\040\001\021\036\267\000t\000\040\000c\000h\036\351\000c\000\040\000n\001\003\000n\000g\000\040\000t\000h\000e\000o\000\040\000d\000\365\000i\000\040\000t\000r\000o\000n\000g\000\040\000n\000g\000\340\000y}{chapter.4}% 41
\BOOKMARK [1][-]{section.4.6}{\376\377\000M\036\331\000t\000\040\000s\036\321\000\040\000q\000u\000y\036\277\000t\000\040\001\021\036\313\000n\000h\000\040\000c\000\340\000i\000\040\001\021\036\267\000t\000\040\001\021\000\341\000n\000g\000\040\000c\000h\000\372\000\040\000\375}{chapter.4}% 42
\BOOKMARK [2][-]{subsection.4.6.1}{\376\377\000T\000\341\000c\000h\000\040\000m\000\341\000y\000\040\000c\000h\036\347\000\040\000c\000h\000\355\000n\000h\000\040\000v\000\340\000\040\000d\036\313\000c\000h\000\040\000v\036\345\000\040\000t\000r\000\355\000\040\000t\000u\036\307\000\040\000n\000h\000\342\000n\000\040\000t\036\241\000o}{section.4.6}% 43
\BOOKMARK [2][-]{subsection.4.6.2}{\376\377\000G\000i\036\357\000\040\000b\001\260\036\333\000c\000\040\000r\000\340\000\040\000s\000o\000\341\000t\000\040\000t\000h\036\347\000\040\000c\000\364\000n\000g\000\040\000s\000a\000u\000\040\000A\000I}{section.4.6}% 44
\BOOKMARK [2][-]{subsection.4.6.3}{\376\377\000B\000i\036\303\000u\000\040\000d\000i\036\305\000n\000\040\000l\000i\036\301\000u\000\040\000d\000\371\000n\000g\000\040\000t\000h\000e\000o\000\040\000t\036\353\000n\000g\000\040\000k\000h\000u\000n\000g\000\040\000g\000i\036\335}{section.4.6}% 45
\BOOKMARK [0][-]{chapter.5}{\376\377\000T\000H\036\360\000C\000\040\000N\000G\000H\000I\036\306\000M\000\040\000V\000\300\000\040\001\020\000\301\000N\000H\000\040\000G\000I\000\301}{}% 46
\BOOKMARK [1][-]{section.5.1}{\376\377\000M\036\345\000c\000\040\000t\000i\000\352\000u\000\040\001\021\000\341\000n\000h\000\040\000g\000i\000\341}{chapter.5}% 47
\BOOKMARK [1][-]{section.5.2}{\376\377\000D\036\357\000\040\000l\000i\036\307\000u\000\040\000v\000\340\000\040\000m\000\364\000i\000\040\000t\000r\001\260\036\335\000n\000g\000\040\000t\000h\036\355\000\040\000n\000g\000h\000i\036\307\000m}{chapter.5}% 48
\BOOKMARK [1][-]{section.5.3}{\376\377\000L\001\260\000u\000\040\000\375\000\040\000v\036\301\000\040\000d\036\357\000\040\000l\000i\036\307\000u\000\040\000v\000\340\000\040\000q\000u\000y\036\301\000n\000\040\000r\000i\000\352\000n\000g\000\040\000t\001\260}{chapter.5}% 49
\BOOKMARK [1][-]{section.5.4}{\376\377\000T\000i\000\352\000u\000\040\000c\000h\000\355\000\040\001\021\000\341\000n\000h\000\040\000g\000i\000\341}{chapter.5}% 50
\BOOKMARK [1][-]{section.5.5}{\376\377\000K\036\277\000t\000\040\000q\000u\036\243\000\040\000n\000h\036\255\000n\000\040\000d\000i\036\307\000n\000\040\001\021\001\241\000n\000\040\000t\000h\000u\036\321\000c}{chapter.5}% 51
\BOOKMARK [1][-]{section.5.6}{\376\377\001\020\000\341\000n\000h\000\040\000g\000i\000\341\000\040\000h\036\307\000\040\000t\000h\036\321\000n\000g\000\040\036\351\000n\000g\000\040\000d\036\345\000n\000g}{chapter.5}% 52
\BOOKMARK [1][-]{section.5.7}{\376\377\000C\000\341\000c\000\040\000d\036\241\000n\000g\000\040\000s\000a\000i\000\040\000s\000\363\000t\000\040\001\021\000i\036\303\000n\000\040\000h\000\354\000n\000h}{chapter.5}% 53
\BOOKMARK [1][-]{section.5.8}{\376\377\001\257\000u\000\040\001\021\000i\036\303\000m\000\040\000c\036\347\000a\000\040\000h\036\307\000\040\000t\000h\036\321\000n\000g}{chapter.5}% 54
\BOOKMARK [1][-]{section.5.9}{\376\377\000H\036\241\000n\000\040\000c\000h\036\277\000\040\000c\036\347\000a\000\040\000h\036\307\000\040\000t\000h\036\321\000n\000g}{chapter.5}% 55
\BOOKMARK [1][-]{section.5.10}{\376\377\000V\000\354\000\040\000s\000a\000o\000\040\000c\000h\001\260\000a\000\040\000m\036\337\000\040\000r\036\331\000n\000g\000\040\000n\000h\036\255\000n\000\040\000d\036\241\000n\000g\000\040\000k\000\375\000\040\000t\036\361\000\040\000q\000u\000a\000n\000g\000\040\000h\036\315\000c\000\040\000s\000a\000n\000g\000\040\000t\000o\000\340\000n\000\040\000b\036\331\000\040\000t\000h\000\364\000n\000g\000\040\000t\000i\000n\000\040\000t\000r\000\352\000n\000\040\001\021\001\241\000n\000\040\000t\000h\000u\036\321\000c}{chapter.5}% 56
\BOOKMARK [1][-]{section.5.11}{\376\377\000G\000i\036\333\000i\000\040\000h\036\241\000n\000\040\000c\036\347\000a\000\040\000s\036\321\000\040\000l\000i\036\307\000u\000\040\000t\000h\036\355\000\040\000n\000g\000h\000i\036\307\000m}{chapter.5}% 57
\BOOKMARK [1][-]{section.5.12}{\376\377\000V\000\354\000\040\000s\000a\000o\000\040\000c\000h\001\260\000a\000\040\000t\000\355\000c\000h\000\040\000h\036\343\000p\000\040\000c\000h\036\351\000c\000\040\000n\001\003\000n\000g\000\040\000x\000\341\000c\000\040\000m\000i\000n\000h\000\040\000v\000i\000\352\000n\000\040\000t\000h\000u\036\321\000c\000\040\000q\000u\000a\000\040\000h\000\354\000n\000h\000\040\036\243\000n\000h}{chapter.5}% 58
\BOOKMARK [0][-]{chapter.6}{\376\377\000K\036\276\000T\000\040\000L\000U\036\254\000N\000\040\000V\000\300\000\040\000H\001\257\036\332\000N\000G\000\040\000P\000H\000\301\000T\000\040\000T\000R\000I\036\302\000N}{}% 59
\BOOKMARK [1][-]{section.6.1}{\376\377\000K\036\277\000t\000\040\000l\000u\036\255\000n}{chapter.6}% 60
\BOOKMARK [1][-]{section.6.2}{\376\377\000N\000h\036\357\000n\000g\000\040\000n\036\331\000i\000\040\000d\000u\000n\000g\000\040\000c\000h\001\260\000a\000\040\000t\000\355\000c\000h\000\040\000h\036\343\000p\000\040\000v\000\340\000o\000\040\000p\000h\000i\000\352\000n\000\040\000b\036\243\000n\000\040\000c\000h\000\355\000n\000h}{chapter.6}% 61
\BOOKMARK [1][-]{section.6.3}{\376\377\000H\001\260\036\333\000n\000g\000\040\000p\000h\000\341\000t\000\040\000t\000r\000i\036\303\000n\000\040\000t\000r\000o\000n\000g\000\040\000t\001\260\001\241\000n\000g\000\040\000l\000a\000i}{chapter.6}% 62
\BOOKMARK [1][-]{section.6.4}{\376\377\000T\036\325\000n\000g\000\040\000k\036\277\000t\000\040\000c\000u\036\321\000i\000\040\000c\000\371\000n\000g}{chapter.6}% 63
\BOOKMARK [0][-]{section.6.4}{\376\377\000T\000\300\000I\000\040\000L\000I\036\306\000U\000\040\000T\000H\000A\000M\000\040\000K\000H\036\242\000O}{}% 64
